<?xml version="1.0" encoding="UTF-8"?>
<!-- Generated by org.testng.reporters.JUnitXMLReporter -->
<testsuite ignored="0" hostname="LuongDuyKhai" failures="0" tests="20" name="Default test" time="1.58" errors="0" timestamp="2024-04-08T13:43:32 ICT">
  <testcase classname="NhanVienTest.TestNhanVienService" name="AddEmailnotmaches" time="0.11"/>
  <testcase classname="NhanVienTest.TestNhanVienService" name="AddMaNVExits" time="0.038"/>
  <testcase classname="NhanVienTest.TestNhanVienService" name="AddPhonenotmaches" time="0.037"/>
  <testcase classname="NhanVienTest.TestNhanVienService" name="AddSuccess" time="0.062"/>
  <testcase classname="NhanVienTest.TestNhanVienService" name="AddgioiTinhnotformat" time="0.039"/>
  <testcase classname="NhanVienTest.TestNhanVienService" name="AddngaySinhnotformat" time="0.044"/>
  <testcase classname="NhanVienTest.TestNhanVienService" name="Addnull" time="0.399"/>
  <testcase classname="NhanVienTest.TestNhanVienService" name="AddtenDangNhapExit" time="0.035"/>
  <testcase classname="NhanVienTest.TestNhanVienService" name="Addvaitronotformat" time="0.04"/>
  <testcase classname="NhanVienTest.TestNhanVienService" name="DeleteSuccess" time="0.02"/>
  <testcase classname="NhanVienTest.TestNhanVienService" name="Deletenull" time="0.0"/>
  <testcase classname="NhanVienTest.TestNhanVienService" name="UpdateEmailnotmaches" time="0.036"/>
  <testcase classname="NhanVienTest.TestNhanVienService" name="UpdateMaNVExits" time="0.031"/>
  <testcase classname="NhanVienTest.TestNhanVienService" name="UpdatePhonenotmaches" time="0.029"/>
  <testcase classname="NhanVienTest.TestNhanVienService" name="UpdateSuccess" time="0.069"/>
  <testcase classname="NhanVienTest.TestNhanVienService" name="UpdategioiTinhnotformat" time="0.036"/>
  <testcase classname="NhanVienTest.TestNhanVienService" name="UpdatengaySinhnotformat" time="0.037"/>
  <testcase classname="NhanVienTest.TestNhanVienService" name="Updatenull" time="0.403"/>
  <testcase classname="NhanVienTest.TestNhanVienService" name="UpdatetenDangNhapExit" time="0.037"/>
  <testcase classname="NhanVienTest.TestNhanVienService" name="Updatevaitronotformat" time="0.033"/>
</testsuite> <!-- Default test -->
