<?xml version="1.0" encoding="UTF-8"?>
<!-- Generated by org.testng.reporters.JUnitXMLReporter -->
<testsuite ignored="0" hostname="DuyenTran" failures="0" tests="13" name="Default test" time="0.486" errors="0" timestamp="2024-04-08T15:43:16 ICT">
  <testcase classname="TestKhachHang.test" name="addGioiTinh" time="0.085"/>
  <testcase classname="TestKhachHang.test" name="addKHDaTonTai" time="0.022"/>
  <testcase classname="TestKhachHang.test" name="addNull" time="0.12"/>
  <testcase classname="TestKhachHang.test" name="addSoDienThoai" time="0.02"/>
  <testcase classname="TestKhachHang.test" name="addSpace" time="0.111"/>
  <testcase classname="TestKhachHang.test" name="addValid" time="0.049"/>
  <testcase classname="TestKhachHang.test" name="deleteNull" time="0.002"/>
  <testcase classname="TestKhachHang.test" name="deleteValid" time="0.008"/>
  <testcase classname="TestKhachHang.test" name="updateInValidGioiTinh" time="0.002"/>
  <testcase classname="TestKhachHang.test" name="updateInValidSDT" time="0.002"/>
  <testcase classname="TestKhachHang.test" name="updateNull" time="0.002"/>
  <testcase classname="TestKhachHang.test" name="updateSpace" time="0.001"/>
  <testcase classname="TestKhachHang.test" name="updateValid" time="0.018"/>
</testsuite> <!-- Default test -->
